INFO:root:Loading file list
INFO:root:compute_fitness entered
INFO:root:Inside computeSubScore method
INFO:root:Score Calc: Invoked parser for 3.52999997139 seconds
INFO:root:Completed - Score Calc in 5.94899988174 seconds
INFO:root:exiting computeSubScore method
INFO:root:Calculating Fitness - Completed in 6.26999998093 seconds
INFO:root:compute_fitness completed
INFO:root:compute_fitness entered
INFO:root:Inside computeSubScore method
INFO:root:Calculating Fitness - Completed in 0.118999958038 seconds
INFO:root:compute_fitness completed
INFO:root:compute_fitness entered
INFO:root:Inside computeSubScore method
INFO:root:Calculating Fitness - Completed in 0.240000009537 seconds
INFO:root:compute_fitness completed
INFO:root:compute_fitness entered
INFO:root:Inside computeSubScore method
INFO:root:Score Calc: Invoked parser for 0.456000089645 seconds
INFO:root:Completed - Score Calc in 1.15600013733 seconds
INFO:root:exiting computeSubScore method
INFO:root:Calculating Fitness - Completed in 1.24399995804 seconds
INFO:root:compute_fitness completed
INFO:root:compute_fitness entered
INFO:root:Inside computeSubScore method
INFO:root:Calculating Fitness - Completed in 0.121000051498 seconds
INFO:root:compute_fitness completed
INFO:root:compute_fitness entered
INFO:root:Inside computeSubScore method
INFO:root:Calculating Fitness - Completed in 0.138000011444 seconds
INFO:root:compute_fitness completed
INFO:root:compute_fitness entered
INFO:root:Inside computeSubScore method
INFO:root:Calculating Fitness - Completed in 0.133999824524 seconds
INFO:root:compute_fitness completed
INFO:root:compute_fitness entered
INFO:root:Inside computeSubScore method
INFO:root:Score Calc: Invoked parser for 2.1859998703 seconds
INFO:root:Completed - Score Calc in 2.88199996948 seconds
INFO:root:exiting computeSubScore method
INFO:root:Calculating Fitness - Completed in 3.007999897 seconds
INFO:root:compute_fitness completed
INFO:root:compute_fitness entered
INFO:root:Inside computeSubScore method
INFO:root:Calculating Fitness - Completed in 0.111000061035 seconds
INFO:root:compute_fitness completed
INFO:root:compute_fitness entered
INFO:root:Inside computeSubScore method
INFO:root:Calculating Fitness - Completed in 0.132999897003 seconds
INFO:root:compute_fitness completed
INFO:root:compute_fitness entered
INFO:root:Inside computeSubScore method
INFO:root:Score Calc: Invoked parser for 0.761000156403 seconds
INFO:root:Completed - Score Calc in 1.10899996758 seconds
INFO:root:exiting computeSubScore method
INFO:root:Calculating Fitness - Completed in 1.242000103 seconds
INFO:root:compute_fitness completed
INFO:root:compute_fitness entered
INFO:root:Inside computeSubScore method
INFO:root:Score Calc: Invoked parser for 0.129999876022 seconds
INFO:root:Completed - Score Calc in 0.181999921799 seconds
INFO:root:exiting computeSubScore method
INFO:root:Calculating Fitness - Completed in 0.253999948502 seconds
INFO:root:compute_fitness completed
INFO:root:compute_fitness entered
INFO:root:Inside computeSubScore method
INFO:root:Score Calc: Invoked parser for 0.536000013351 seconds
INFO:root:Completed - Score Calc in 0.838999986649 seconds
INFO:root:exiting computeSubScore method
INFO:root:Calculating Fitness - Completed in 0.920000076294 seconds
INFO:root:compute_fitness completed
INFO:root:compute_fitness entered
INFO:root:Inside computeSubScore method
INFO:root:Score Calc: Invoked parser for 0.306999921799 seconds
INFO:root:Completed - Score Calc in 0.460000038147 seconds
INFO:root:exiting computeSubScore method
INFO:root:Calculating Fitness - Completed in 0.525000095367 seconds
INFO:root:compute_fitness completed
INFO:root:compute_fitness entered
INFO:root:Inside computeSubScore method
INFO:root:Calculating Fitness - Completed in 0.0709998607635 seconds
INFO:root:compute_fitness completed
INFO:root:compute_fitness entered
INFO:root:Inside computeSubScore method
INFO:root:Calculating Fitness - Completed in 0.0650000572205 seconds
INFO:root:compute_fitness completed
INFO:root:compute_fitness entered
INFO:root:Inside computeSubScore method
INFO:root:Score Calc: Invoked parser for 0.513999938965 seconds
INFO:root:Completed - Score Calc in 0.776000022888 seconds
INFO:root:exiting computeSubScore method
INFO:root:Calculating Fitness - Completed in 0.841000080109 seconds
INFO:root:compute_fitness completed
INFO:root:compute_fitness entered
INFO:root:Inside computeSubScore method
INFO:root:Calculating Fitness - Completed in 0.0840001106262 seconds
INFO:root:compute_fitness completed
INFO:root:compute_fitness entered
INFO:root:Inside computeSubScore method
INFO:root:Score Calc: Invoked parser for 0.563999891281 seconds
INFO:root:Completed - Score Calc in 0.84299993515 seconds
INFO:root:exiting computeSubScore method
INFO:root:Calculating Fitness - Completed in 0.960000038147 seconds
INFO:root:compute_fitness completed
INFO:root:compute_fitness entered
INFO:root:Inside computeSubScore method
INFO:root:Score Calc: Invoked parser for 0.47000002861 seconds
INFO:root:Completed - Score Calc in 0.710000038147 seconds
INFO:root:exiting computeSubScore method
INFO:root:Calculating Fitness - Completed in 0.792999982834 seconds
INFO:root:compute_fitness completed
INFO:root:compute_fitness entered
INFO:root:Inside computeSubScore method
INFO:root:Score Calc: Invoked parser for 1.24799990654 seconds
INFO:root:Completed - Score Calc in 1.77099990845 seconds
INFO:root:exiting computeSubScore method
INFO:root:Calculating Fitness - Completed in 1.85700011253 seconds
INFO:root:compute_fitness completed
INFO:root:compute_fitness entered
INFO:root:Inside computeSubScore method
INFO:root:Score Calc: Invoked parser for 0.446000099182 seconds
INFO:root:Completed - Score Calc in 0.678000211716 seconds
INFO:root:exiting computeSubScore method
INFO:root:Calculating Fitness - Completed in 0.763000011444 seconds
INFO:root:compute_fitness completed
INFO:root:compute_fitness entered
INFO:root:Inside computeSubScore method
INFO:root:Calculating Fitness - Completed in 0.0810000896454 seconds
INFO:root:compute_fitness completed
INFO:root:compute_fitness entered
INFO:root:Inside computeSubScore method
INFO:root:Score Calc: Invoked parser for 0.496999979019 seconds
INFO:root:Completed - Score Calc in 0.730999946594 seconds
INFO:root:exiting computeSubScore method
INFO:root:Calculating Fitness - Completed in 0.818000078201 seconds
INFO:root:compute_fitness completed
INFO:root:compute_fitness entered
INFO:root:Inside computeSubScore method
INFO:root:Score Calc: Invoked parser for 0.108999967575 seconds
INFO:root:Completed - Score Calc in 0.172999858856 seconds
INFO:root:exiting computeSubScore method
INFO:root:Calculating Fitness - Completed in 0.236999988556 seconds
INFO:root:compute_fitness completed
INFO:root:compute_fitness entered
INFO:root:Inside computeSubScore method
INFO:root:Calculating Fitness - Completed in 0.0699999332428 seconds
INFO:root:compute_fitness completed
INFO:root:compute_fitness entered
INFO:root:Inside computeSubScore method
INFO:root:Calculating Fitness - Completed in 0.0820000171661 seconds
INFO:root:compute_fitness completed
INFO:root:compute_fitness entered
INFO:root:Inside computeSubScore method
INFO:root:Calculating Fitness - Completed in 0.0859999656677 seconds
INFO:root:compute_fitness completed
INFO:root:compute_fitness entered
INFO:root:Inside computeSubScore method
INFO:root:Score Calc: Invoked parser for 0.399999856949 seconds
INFO:root:Completed - Score Calc in 0.540999889374 seconds
INFO:root:exiting computeSubScore method
INFO:root:Calculating Fitness - Completed in 0.604000091553 seconds
INFO:root:compute_fitness completed
INFO:root:compute_fitness entered
INFO:root:Inside computeSubScore method
INFO:root:Calculating Fitness - Completed in 0.0900001525879 seconds
INFO:root:compute_fitness completed
INFO:root:compute_fitness entered
INFO:root:Inside computeSubScore method
INFO:root:Calculating Fitness - Completed in 0.0710000991821 seconds
INFO:root:compute_fitness completed
INFO:root:compute_fitness entered
INFO:root:Inside computeSubScore method
INFO:root:Score Calc: Invoked parser for 0.244999885559 seconds
INFO:root:Completed - Score Calc in 0.355000019073 seconds
INFO:root:exiting computeSubScore method
INFO:root:Calculating Fitness - Completed in 0.434000015259 seconds
INFO:root:compute_fitness completed
INFO:root:compute_fitness entered
INFO:root:Inside computeSubScore method
INFO:root:Score Calc: Invoked parser for 0.305000066757 seconds
INFO:root:Completed - Score Calc in 0.43499994278 seconds
INFO:root:exiting computeSubScore method
INFO:root:Calculating Fitness - Completed in 0.52899980545 seconds
INFO:root:compute_fitness completed
INFO:root:compute_fitness entered
INFO:root:Inside computeSubScore method
INFO:root:Score Calc: Invoked parser for 0.615999937057 seconds
INFO:root:Completed - Score Calc in 0.868999958038 seconds
INFO:root:exiting computeSubScore method
INFO:root:Calculating Fitness - Completed in 0.959000110626 seconds
INFO:root:compute_fitness completed
INFO:root:compute_fitness entered
INFO:root:Inside computeSubScore method
INFO:root:Calculating Fitness - Completed in 0.0859999656677 seconds
INFO:root:compute_fitness completed
INFO:root:compute_fitness entered
INFO:root:Inside computeSubScore method
INFO:root:Calculating Fitness - Completed in 0.0759999752045 seconds
INFO:root:compute_fitness completed
INFO:root:compute_fitness entered
INFO:root:Inside computeSubScore method
INFO:root:Score Calc: Invoked parser for 0.354000091553 seconds
INFO:root:Completed - Score Calc in 0.507999897003 seconds
INFO:root:exiting computeSubScore method
INFO:root:Calculating Fitness - Completed in 0.588000059128 seconds
INFO:root:compute_fitness completed
INFO:root:compute_fitness entered
INFO:root:Inside computeSubScore method
INFO:root:Score Calc: Invoked parser for 0.303000211716 seconds
INFO:root:Completed - Score Calc in 0.524000167847 seconds
INFO:root:exiting computeSubScore method
INFO:root:Calculating Fitness - Completed in 0.601999998093 seconds
INFO:root:compute_fitness completed
INFO:root:compute_fitness entered
INFO:root:Inside computeSubScore method
INFO:root:Calculating Fitness - Completed in 0.177999973297 seconds
INFO:root:compute_fitness completed
INFO:root:compute_fitness entered
INFO:root:Inside computeSubScore method
INFO:root:Score Calc: Invoked parser for 0.353999853134 seconds
INFO:root:Completed - Score Calc in 0.543999910355 seconds
INFO:root:exiting computeSubScore method
INFO:root:Calculating Fitness - Completed in 0.608000040054 seconds
INFO:root:compute_fitness completed
INFO:root:compute_fitness entered
INFO:root:Inside computeSubScore method
INFO:root:Calculating Fitness - Completed in 0.0899999141693 seconds
INFO:root:compute_fitness completed
INFO:root:compute_fitness entered
INFO:root:Inside computeSubScore method
INFO:root:Calculating Fitness - Completed in 0.0990002155304 seconds
INFO:root:compute_fitness completed
INFO:root:compute_fitness entered
INFO:root:Inside computeSubScore method
INFO:root:Score Calc: Invoked parser for 0.744999885559 seconds
INFO:root:Completed - Score Calc in 1.09299993515 seconds
INFO:root:exiting computeSubScore method
INFO:root:Calculating Fitness - Completed in 1.17299985886 seconds
INFO:root:compute_fitness completed
INFO:root:compute_fitness entered
INFO:root:Inside computeSubScore method
INFO:root:Calculating Fitness - Completed in 0.0770001411438 seconds
INFO:root:compute_fitness completed
INFO:root:compute_fitness entered
INFO:root:Inside computeSubScore method
INFO:root:Calculating Fitness - Completed in 0.0629999637604 seconds
INFO:root:compute_fitness completed
INFO:root:compute_fitness entered
INFO:root:Inside computeSubScore method
INFO:root:Score Calc: Invoked parser for 0.526000022888 seconds
INFO:root:Completed - Score Calc in 0.77999997139 seconds
INFO:root:exiting computeSubScore method
INFO:root:Calculating Fitness - Completed in 0.857999801636 seconds
INFO:root:compute_fitness completed
INFO:root:compute_fitness entered
INFO:root:Inside computeSubScore method
INFO:root:Calculating Fitness - Completed in 0.0789999961853 seconds
INFO:root:compute_fitness completed
INFO:root:compute_fitness entered
INFO:root:Inside computeSubScore method
INFO:root:Calculating Fitness - Completed in 0.0899999141693 seconds
INFO:root:compute_fitness completed
INFO:root:compute_fitness entered
INFO:root:Inside computeSubScore method
INFO:root:Score Calc: Invoked parser for 0.265000104904 seconds
INFO:root:Completed - Score Calc in 0.393000125885 seconds
INFO:root:exiting computeSubScore method
INFO:root:Calculating Fitness - Completed in 0.513000011444 seconds
INFO:root:compute_fitness completed
INFO:root:compute_fitness entered
INFO:root:Inside computeSubScore method
INFO:root:Calculating Fitness - Completed in 0.0819997787476 seconds
INFO:root:compute_fitness completed
INFO:root:compute_fitness entered
INFO:root:Inside computeSubScore method
INFO:root:Calculating Fitness - Completed in 0.055999994278 seconds
INFO:root:compute_fitness completed
INFO:root:compute_fitness entered
INFO:root:Inside computeSubScore method
INFO:root:Calculating Fitness - Completed in 0.074000120163 seconds
INFO:root:compute_fitness completed
INFO:root:compute_fitness entered
INFO:root:Inside computeSubScore method
INFO:root:Score Calc: Invoked parser for 4.42900013924 seconds
INFO:root:Completed - Score Calc in 6.7990000248 seconds
INFO:root:exiting computeSubScore method
INFO:root:Calculating Fitness - Completed in 6.87400007248 seconds
INFO:root:compute_fitness completed
INFO:root:compute_fitness entered
INFO:root:Inside computeSubScore method
INFO:root:Score Calc: Invoked parser for 0.533999919891 seconds
INFO:root:Completed - Score Calc in 0.75200009346 seconds
INFO:root:exiting computeSubScore method
INFO:root:Calculating Fitness - Completed in 0.832000017166 seconds
INFO:root:compute_fitness completed
INFO:root:compute_fitness entered
INFO:root:Inside computeSubScore method
INFO:root:Score Calc: Invoked parser for 0.763000011444 seconds
INFO:root:Completed - Score Calc in 1.0680000782 seconds
INFO:root:exiting computeSubScore method
INFO:root:Calculating Fitness - Completed in 1.19499993324 seconds
INFO:root:compute_fitness completed
INFO:root:compute_fitness entered
INFO:root:Inside computeSubScore method
INFO:root:Calculating Fitness - Completed in 0.077999830246 seconds
INFO:root:compute_fitness completed
INFO:root:compute_fitness entered
INFO:root:Inside computeSubScore method
INFO:root:Score Calc: Invoked parser for 0.133999824524 seconds
INFO:root:Completed - Score Calc in 0.240000009537 seconds
INFO:root:exiting computeSubScore method
INFO:root:Calculating Fitness - Completed in 0.31500005722 seconds
INFO:root:compute_fitness completed
INFO:root:compute_fitness entered
INFO:root:Inside computeSubScore method
INFO:root:Score Calc: Invoked parser for 0.677999973297 seconds
INFO:root:Completed - Score Calc in 1.00999999046 seconds
INFO:root:exiting computeSubScore method
INFO:root:Calculating Fitness - Completed in 1.21200013161 seconds
INFO:root:compute_fitness completed
INFO:root:compute_fitness entered
INFO:root:Inside computeSubScore method
INFO:root:Calculating Fitness - Completed in 0.095999956131 seconds
INFO:root:compute_fitness completed
INFO:root:compute_fitness entered
INFO:root:Inside computeSubScore method
INFO:root:Calculating Fitness - Completed in 0.0590000152588 seconds
INFO:root:compute_fitness completed
INFO:root:compute_fitness entered
INFO:root:Inside computeSubScore method
INFO:root:Score Calc: Invoked parser for 0.858000040054 seconds
INFO:root:Completed - Score Calc in 1.30200004578 seconds
INFO:root:exiting computeSubScore method
INFO:root:Calculating Fitness - Completed in 1.3599998951 seconds
INFO:root:compute_fitness completed
INFO:root:compute_fitness entered
INFO:root:Inside computeSubScore method
INFO:root:Score Calc: Invoked parser for 0.131000041962 seconds
INFO:root:Completed - Score Calc in 0.197999954224 seconds
INFO:root:exiting computeSubScore method
INFO:root:Calculating Fitness - Completed in 0.282999992371 seconds
INFO:root:compute_fitness completed
INFO:root:compute_fitness entered
INFO:root:Inside computeSubScore method
INFO:root:Score Calc: Invoked parser for 0.365000009537 seconds
INFO:root:Completed - Score Calc in 0.488999843597 seconds
INFO:root:exiting computeSubScore method
INFO:root:Calculating Fitness - Completed in 0.56500005722 seconds
INFO:root:compute_fitness completed
INFO:root:compute_fitness entered
INFO:root:Inside computeSubScore method
INFO:root:Calculating Fitness - Completed in 0.066999912262 seconds
INFO:root:compute_fitness completed
INFO:root:compute_fitness entered
INFO:root:Inside computeSubScore method
INFO:root:Calculating Fitness - Completed in 0.0610001087189 seconds
INFO:root:compute_fitness completed
INFO:root:compute_fitness entered
INFO:root:Inside computeSubScore method
INFO:root:Calculating Fitness - Completed in 0.0770001411438 seconds
INFO:root:compute_fitness completed
INFO:root:compute_fitness entered
INFO:root:Inside computeSubScore method
INFO:root:Calculating Fitness - Completed in 0.0869998931885 seconds
INFO:root:compute_fitness completed
INFO:root:compute_fitness entered
INFO:root:Inside computeSubScore method
INFO:root:Calculating Fitness - Completed in 0.0729999542236 seconds
INFO:root:compute_fitness completed
INFO:root:compute_fitness entered
INFO:root:Inside computeSubScore method
INFO:root:Score Calc: Invoked parser for 0.236999988556 seconds
INFO:root:Completed - Score Calc in 0.355000019073 seconds
INFO:root:exiting computeSubScore method
INFO:root:Calculating Fitness - Completed in 0.464999914169 seconds
INFO:root:compute_fitness completed
INFO:root:compute_fitness entered
INFO:root:Inside computeSubScore method
INFO:root:Calculating Fitness - Completed in 0.0870001316071 seconds
INFO:root:compute_fitness completed
INFO:root:compute_fitness entered
INFO:root:Inside computeSubScore method
INFO:root:Calculating Fitness - Completed in 0.074000120163 seconds
INFO:root:compute_fitness completed
INFO:root:compute_fitness entered
INFO:root:Inside computeSubScore method
INFO:root:Score Calc: Invoked parser for 4.84299993515 seconds
INFO:root:Completed - Score Calc in 6.44099998474 seconds
INFO:root:exiting computeSubScore method
INFO:root:Calculating Fitness - Completed in 6.50999999046 seconds
INFO:root:compute_fitness completed
INFO:root:compute_fitness entered
INFO:root:Inside computeSubScore method
INFO:root:Score Calc: Invoked parser for 0.891000032425 seconds
INFO:root:Completed - Score Calc in 0.995000123978 seconds
INFO:root:exiting computeSubScore method
INFO:root:Calculating Fitness - Completed in 1.08299994469 seconds
INFO:root:compute_fitness completed
INFO:root:compute_fitness entered
INFO:root:Inside computeSubScore method
INFO:root:Score Calc: Invoked parser for 0.279000043869 seconds
INFO:root:Completed - Score Calc in 0.408999919891 seconds
INFO:root:exiting computeSubScore method
INFO:root:Calculating Fitness - Completed in 0.488000154495 seconds
INFO:root:compute_fitness completed
INFO:root:compute_fitness entered
INFO:root:Inside computeSubScore method
INFO:root:Score Calc: Invoked parser for 0.391000032425 seconds
INFO:root:Completed - Score Calc in 0.569000005722 seconds
INFO:root:exiting computeSubScore method
INFO:root:Calculating Fitness - Completed in 0.678000211716 seconds
INFO:root:compute_fitness completed
INFO:root:compute_fitness entered
INFO:root:Inside computeSubScore method
INFO:root:Calculating Fitness - Completed in 0.095999956131 seconds
INFO:root:compute_fitness completed
INFO:root:compute_fitness entered
INFO:root:Inside computeSubScore method
INFO:root:Score Calc: Invoked parser for 15.1080000401 seconds
INFO:root:Completed - Score Calc in 21.492000103 seconds
INFO:root:exiting computeSubScore method
INFO:root:Calculating Fitness - Completed in 21.5840001106 seconds
INFO:root:compute_fitness completed
INFO:root:compute_fitness entered
INFO:root:Inside computeSubScore method
INFO:root:Score Calc: Invoked parser for 0.153000116348 seconds
INFO:root:Completed - Score Calc in 0.230999946594 seconds
INFO:root:exiting computeSubScore method
INFO:root:Calculating Fitness - Completed in 0.323999881744 seconds
INFO:root:compute_fitness completed
INFO:root:compute_fitness entered
INFO:root:Inside computeSubScore method
INFO:root:Calculating Fitness - Completed in 0.0769999027252 seconds
INFO:root:compute_fitness completed
INFO:root:compute_fitness entered
INFO:root:Inside computeSubScore method
INFO:root:Score Calc: Invoked parser for 0.875999927521 seconds
INFO:root:Completed - Score Calc in 1.33899998665 seconds
INFO:root:exiting computeSubScore method
INFO:root:Calculating Fitness - Completed in 1.4849998951 seconds
INFO:root:compute_fitness completed
INFO:root:compute_fitness entered
INFO:root:Inside computeSubScore method
INFO:root:Calculating Fitness - Completed in 0.0950000286102 seconds
INFO:root:compute_fitness completed
INFO:root:compute_fitness entered
INFO:root:Inside computeSubScore method
INFO:root:Score Calc: Invoked parser for 0.148999929428 seconds
INFO:root:Completed - Score Calc in 0.233999967575 seconds
INFO:root:exiting computeSubScore method
INFO:root:Calculating Fitness - Completed in 0.31500005722 seconds
INFO:root:compute_fitness completed
INFO:root:compute_fitness entered
INFO:root:Inside computeSubScore method
INFO:root:Score Calc: Invoked parser for 0.855000019073 seconds
INFO:root:Completed - Score Calc in 1.33200001717 seconds
INFO:root:exiting computeSubScore method
INFO:root:Calculating Fitness - Completed in 1.41799998283 seconds
INFO:root:compute_fitness completed
INFO:root:compute_fitness entered
INFO:root:Inside computeSubScore method
INFO:root:Score Calc: Invoked parser for 0.512000083923 seconds
INFO:root:Completed - Score Calc in 0.686000108719 seconds
INFO:root:exiting computeSubScore method
INFO:root:Calculating Fitness - Completed in 0.770999908447 seconds
INFO:root:compute_fitness completed
INFO:root:compute_fitness entered
INFO:root:Inside computeSubScore method
INFO:root:Score Calc: Invoked parser for 0.760999917984 seconds
INFO:root:Completed - Score Calc in 1.2429997921 seconds
INFO:root:exiting computeSubScore method
INFO:root:Calculating Fitness - Completed in 1.32399988174 seconds
INFO:root:compute_fitness completed
INFO:root:compute_fitness entered
INFO:root:Inside computeSubScore method
INFO:root:Score Calc: Invoked parser for 0.209000110626 seconds
INFO:root:Completed - Score Calc in 0.295000076294 seconds
INFO:root:exiting computeSubScore method
INFO:root:Calculating Fitness - Completed in 0.394999980927 seconds
INFO:root:compute_fitness completed
INFO:root:compute_fitness entered
INFO:root:Inside computeSubScore method
INFO:root:Calculating Fitness - Completed in 0.111999988556 seconds
INFO:root:compute_fitness completed
INFO:root:compute_fitness entered
INFO:root:Inside computeSubScore method
INFO:root:Score Calc: Invoked parser for 0.261000156403 seconds
INFO:root:Completed - Score Calc in 0.376000165939 seconds
INFO:root:exiting computeSubScore method
INFO:root:Calculating Fitness - Completed in 0.485000133514 seconds
INFO:root:compute_fitness completed
INFO:root:compute_fitness entered
INFO:root:Inside computeSubScore method
INFO:root:Score Calc: Invoked parser for 0.214000225067 seconds
INFO:root:Completed - Score Calc in 0.328000068665 seconds
INFO:root:exiting computeSubScore method
INFO:root:Calculating Fitness - Completed in 0.408999919891 seconds
INFO:root:compute_fitness completed
INFO:root:compute_fitness entered
INFO:root:Inside computeSubScore method
INFO:root:Calculating Fitness - Completed in 0.0889999866486 seconds
INFO:root:compute_fitness completed
INFO:root:compute_fitness entered
INFO:root:Inside computeSubScore method
INFO:root:Calculating Fitness - Completed in 0.0770001411438 seconds
INFO:root:compute_fitness completed
INFO:root:compute_fitness entered
INFO:root:Inside computeSubScore method
INFO:root:Calculating Fitness - Completed in 0.0610001087189 seconds
INFO:root:compute_fitness completed
INFO:root:compute_fitness entered
INFO:root:Inside computeSubScore method
INFO:root:Calculating Fitness - Completed in 0.0659999847412 seconds
INFO:root:compute_fitness completed
INFO:root:compute_fitness entered
INFO:root:Inside computeSubScore method
INFO:root:Calculating Fitness - Completed in 0.0759999752045 seconds
INFO:root:compute_fitness completed
INFO:root:compute_fitness entered
INFO:root:Inside computeSubScore method
INFO:root:Calculating Fitness - Completed in 0.0820000171661 seconds
INFO:root:compute_fitness completed
INFO:root:compute_fitness entered
INFO:root:Inside computeSubScore method
INFO:root:Score Calc: Invoked parser for 0.930000066757 seconds
INFO:root:Completed - Score Calc in 1.3710000515 seconds
INFO:root:exiting computeSubScore method
INFO:root:Calculating Fitness - Completed in 1.45700001717 seconds
INFO:root:compute_fitness completed
INFO:root:compute_fitness entered
INFO:root:Inside computeSubScore method
INFO:root:Score Calc: Invoked parser for 0.500999927521 seconds
INFO:root:Completed - Score Calc in 0.757999897003 seconds
INFO:root:exiting computeSubScore method
INFO:root:Calculating Fitness - Completed in 0.827999830246 seconds
INFO:root:compute_fitness completed
INFO:root:compute_fitness entered
INFO:root:Inside computeSubScore method
INFO:root:Score Calc: Invoked parser for 1.79699993134 seconds
INFO:root:Completed - Score Calc in 2.32899999619 seconds
INFO:root:exiting computeSubScore method
INFO:root:Calculating Fitness - Completed in 2.41499996185 seconds
INFO:root:compute_fitness completed
INFO:root:compute_fitness entered
INFO:root:Inside computeSubScore method
INFO:root:Score Calc: Invoked parser for 0.592000007629 seconds
INFO:root:Completed - Score Calc in 0.785000085831 seconds
INFO:root:exiting computeSubScore method
INFO:root:Calculating Fitness - Completed in 0.862999916077 seconds
INFO:root:compute_fitness completed
INFO:root:compute_fitness entered
INFO:root:Inside computeSubScore method
INFO:root:Score Calc: Invoked parser for 0.790999889374 seconds
INFO:root:Completed - Score Calc in 1.19400000572 seconds
INFO:root:exiting computeSubScore method
INFO:root:Calculating Fitness - Completed in 1.27500009537 seconds
INFO:root:compute_fitness completed
INFO:root:completed : 1 in 88.0 seconds
INFO:root:Starting 1 Generation - 2015-06-03 02:36:28.780000
INFO:root:/home/spandan/mozilla/centralrepo/mozilla-central/js/src/dist/bin/js
INFO:root:Mutation_rate:0.2,crossover_rate:0.95,multiple_rate:0.2
INFO:root:Unique: 53 Genotype Objects based on Fitness
INFO:root:Fitness values : After Generation 1
INFO:root:[[-0.8264749628160635, 0], [0.0, 1], [0.0, 2], [-0.2775357809583074, 3], [0.0, 4], [0.0, 5], [0.0, 6], [-0.32821143208358944, 7], [0.0, 8], [0.0, 9], [-0.17892976588628762, 10], [-0.22145328719723184, 11], [-0.17076326002587322, 12], [-0.14992503748125938, 13], [0.0, 14], [0.0, 15], [-0.2409351145038168, 16], [0.0, 17], [-0.24469026548672565, 18], [-0.2325933400605449, 19], [-0.18966846569005397, 20], [-0.15218902015288394, 21], [0.0, 22], [-0.2508942258559019, 23], [-0.24153498871331827, 24], [0.0, 25], [0.0, 26], [0.0, 27], [-0.364477335800185, 28], [0.0, 29], [0.0, 30], [-0.17338129496402876, 31], [-0.28680688336520077, 32], [-0.2377952755905512, 33], [0.0, 34], [0.0, 35], [-0.16918576304241834, 36], [-0.1508097165991903, 37], [0.0, 38], [-0.22300771208226222, 39], [0.0, 40], [0.0, 41], [-0.16482774149966223, 42], [0.0, 43], [0.0, 44], [-0.2354014598540146, 45], [0.0, 46], [0.0, 47], [-0.14340871483728626, 48], [0.0, 49], [0.0, 50], [0.0, 51], [-0.22512057252502204, 52], [-0.17782285327924274, 53], [-0.17389288198469743, 54], [0.0, 55], [-0.15669856459330145, 56], [-0.25208807896735, 57], [0.0, 58], [0.0, 59], [-0.16220896671156437, 60], [-0.15393794749403342, 61], [-0.21139166177334115, 62], [0.0, 63], [0.0, 64], [0.0, 65], [0.0, 66], [0.0, 67], [-0.14356435643564355, 68], [0.0, 69], [0.0, 70], [-0.2091168091168091, 71], [-0.6255289139633287, 72], [-0.14948172394980905, 73], [-0.15515151515151515, 74], [0.0, 75], [-0.18696990638939498, 76], [-0.1466275659824047, 77], [0.0, 78], [-0.17252460333400282, 79], [0.0, 80], [-0.15368421052631578, 81], [-0.20567200986436499, 82], [-0.21344040574809806, 83], [-0.1631004366812227, 84], [-0.3083832335329341, 85], [0.0, 86], [-0.15940224159402241, 87], [-0.17045454545454544, 88], [0.0, 89], [0.0, 90], [0.0, 91], [0.0, 92], [0.0, 93], [0.0, 94], [-0.1869885433715221, 95], [-0.17742517129462676, 96], [-0.2535331905781585, 97], [-0.2192916352675207, 98], [-0.16925092815025114, 99]]
