2014-10-13 11:35:33,428 started run
2014-10-13 11:35:33,751 Finished generation: 0 Max generations: 10
2014-10-13 11:35:33,751 best_value: 0.019385 median: 0.02104 mean: 0.0640706
2014-10-13 11:35:33,751      var variabledeclaration   ;    var   p   = 10   ;  
2014-10-13 11:35:33,861 Finished generation: 1 Max generations: 10
2014-10-13 11:35:33,861 best_value: 0.019299 median: 0.020537 mean: 0.0215828
2014-10-13 11:35:33,861      var   s initialiser    ;    var   p   = 10   ;  
2014-10-13 11:35:33,978 Finished generation: 2 Max generations: 10
2014-10-13 11:35:33,978 best_value: 0.019335 median: 0.020615 mean: 0.0228558
2014-10-13 11:35:33,978      var   s initialiser    ;    var   p   = 10   ;  
2014-10-13 11:35:34,099 Finished generation: 3 Max generations: 10
2014-10-13 11:35:34,099 best_value: 0.019127 median: 0.02003 mean: 0.023674
2014-10-13 11:35:34,099      var   s initialiser    ;    var   p   = 10   ;  
2014-10-13 11:35:34,207 Finished generation: 4 Max generations: 10
2014-10-13 11:35:34,207 best_value: 0.01948 median: 0.020028 mean: 0.0210872
2014-10-13 11:35:34,207      var   s initialiser    ;    var   p   = 10   ;  
2014-10-13 11:35:34,328 Finished generation: 5 Max generations: 10
2014-10-13 11:35:34,328 best_value: 0.020837 median: 0.023941 mean: 0.0237438
2014-10-13 11:35:34,328      var variabledeclaration   ;    var   p   = 10   ;  
2014-10-13 11:35:34,441 Finished generation: 6 Max generations: 10
2014-10-13 11:35:34,441 best_value: 0.019514 median: 0.020454 mean: 0.021946
2014-10-13 11:35:34,442      var   s initialiser    ;    var   p   = 10   ;  
2014-10-13 11:35:34,551 Finished generation: 7 Max generations: 10
2014-10-13 11:35:34,551 best_value: 0.019851 median: 0.021097 mean: 0.0214476
2014-10-13 11:35:34,551      var   s initialiser    ;    var   p   = 10   ;  
2014-10-13 11:35:34,661 Finished generation: 8 Max generations: 10
2014-10-13 11:35:34,661 best_value: 0.020244 median: 0.021725 mean: 0.021411
2014-10-13 11:35:34,661      var   s initialiser    ;    var   p   = 10   ;  
2014-10-13 11:35:34,772 Finished generation: 9 Max generations: 10
2014-10-13 11:35:34,772 best_value: 0.019591 median: 0.020108 mean: 0.0218144
2014-10-13 11:35:34,772      var variabledeclaration   ;    var   p   = 10   ;  
2014-10-13 11:35:34,878 stopping processing due to max generation
2014-10-13 11:35:34,879 completed run: generations: 10, best member:1 fitness: 0.019506
2014-10-13 16:45:04,160 started run
2014-10-13 16:45:04,486 Finished generation: 0 Max generations: 10
2014-10-13 16:45:04,487 best_value: 0.019668 median: 0.02306 mean: 0.0648076
2014-10-13 16:45:04,487      var   s   =   10 + 10    ;    var   p   = 10   ;  
2014-10-13 16:45:04,602 Finished generation: 1 Max generations: 10
2014-10-13 16:45:04,602 best_value: 0.020336 median: 0.021931 mean: 0.0226632
2014-10-13 16:45:04,602  sourceelements  
2014-10-13 16:45:04,722 Finished generation: 2 Max generations: 10
2014-10-13 16:45:04,722 best_value: 0.020091 median: 0.022424 mean: 0.0234384
2014-10-13 16:45:04,722      var   s   =   10 + 10    ;    var   p   = 10   ;  
2014-10-13 16:45:04,837 Finished generation: 3 Max generations: 10
2014-10-13 16:45:04,837 best_value: 0.01934 median: 0.021453 mean: 0.0224768
2014-10-13 16:45:04,837      var   s initialiser    ;    var   p   = 10   ;  
2014-10-13 16:45:04,954 Finished generation: 4 Max generations: 10
2014-10-13 16:45:04,954 best_value: 0.019197 median: 0.023053 mean: 0.0230088
2014-10-13 16:45:04,955      var   s initialiser    ;    var   p   = 10   ;  
2014-10-13 16:45:05,071 Finished generation: 5 Max generations: 10
2014-10-13 16:45:05,072 best_value: 0.020314 median: 0.021584 mean: 0.0229696
2014-10-13 16:45:05,072  sourceelements  
2014-10-13 16:45:05,185 Finished generation: 6 Max generations: 10
2014-10-13 16:45:05,185 best_value: 0.019972 median: 0.020602 mean: 0.0222272
2014-10-13 16:45:05,185      var   s initialiser    ;    var   p   = 10   ;  
2014-10-13 16:45:05,302 Finished generation: 7 Max generations: 10
2014-10-13 16:45:05,302 best_value: 0.02 median: 0.020786 mean: 0.0229816
2014-10-13 16:45:05,302  sourceelements  
2014-10-13 16:45:05,432 Finished generation: 8 Max generations: 10
2014-10-13 16:45:05,432 best_value: 0.019231 median: 0.021759 mean: 0.025383
2014-10-13 16:45:05,432      var   s initialiser    ;    var   p   = 10   ;  
2014-10-13 16:45:05,556 Finished generation: 9 Max generations: 10
2014-10-13 16:45:05,556 best_value: 0.021829 median: 0.024445 mean: 0.0244666
2014-10-13 16:45:05,556      var   s initialiser    ;    var   p   = 10   ;  
2014-10-13 16:45:05,669 stopping processing due to max generation
2014-10-13 16:45:05,669 completed run: generations: 10, best member:0 fitness: 0.020297
2014-10-13 17:05:01,823 started run
2014-10-13 17:05:02,006 Finished generation: 0 Max generations: 10
2014-10-13 17:05:02,007 best_value: 0.019724 median: 0.024696 mean: 0.0263086
2014-10-13 17:05:02,007      var   s initialiser    ;    var   p   = 10   ;  
2014-10-13 17:05:02,127 Finished generation: 1 Max generations: 10
2014-10-13 17:05:02,127 best_value: 0.019731 median: 0.022646 mean: 0.0235104
2014-10-13 17:05:02,127    variablestatement     var   p   = 10   ;  
2014-10-13 17:05:02,243 Finished generation: 2 Max generations: 10
2014-10-13 17:05:02,244 best_value: 0.020516 median: 0.021651 mean: 0.0228228
2014-10-13 17:05:02,244    variablestatement     var   p   = 10   ;  
2014-10-13 17:05:02,367 Finished generation: 3 Max generations: 10
2014-10-13 17:05:02,368 best_value: 0.020502 median: 0.026081 mean: 0.0242872
2014-10-13 17:05:02,368    variablestatement     var   p   = 10   ;  
2014-10-13 17:05:02,490 Finished generation: 4 Max generations: 10
2014-10-13 17:05:02,490 best_value: 0.019876 median: 0.025941 mean: 0.0240944
2014-10-13 17:05:02,490    variablestatement     var   p   = 10   ;  
2014-10-13 17:05:02,606 Finished generation: 5 Max generations: 10
2014-10-13 17:05:02,606 best_value: 0.020152 median: 0.023178 mean: 0.0226526
2014-10-13 17:05:02,606    variablestatement     var   p   = 10   ;  
2014-10-13 17:05:02,740 Finished generation: 6 Max generations: 10
2014-10-13 17:05:02,740 best_value: 0.020023 median: 0.027627 mean: 0.0264236
2014-10-13 17:05:02,741    variablestatement     var   p   = 10   ;  
2014-10-13 17:05:02,870 Finished generation: 7 Max generations: 10
2014-10-13 17:05:02,871 best_value: 0.020725 median: 0.025678 mean: 0.0255696
2014-10-13 17:05:02,871      var   s   =   10 + 10    ;    var   p   = 10   ;  
2014-10-13 17:05:02,977 Finished generation: 8 Max generations: 10
2014-10-13 17:05:02,977 best_value: 0.020384 median: 0.020501 mean: 0.0207594
2014-10-13 17:05:02,977      var   s   =   10 + 10    ;    var   p   = 10   ;  
2014-10-13 17:05:03,101 Finished generation: 9 Max generations: 10
2014-10-13 17:05:03,101 best_value: 0.022432 median: 0.02379 mean: 0.0243886
2014-10-13 17:05:03,101      var   s   =   10 + 10    ;    var   p   = 10   ;  
2014-10-13 17:05:03,220 stopping processing due to max generation
2014-10-13 17:05:03,221 completed run: generations: 10, best member:4 fitness: 0.021522
2014-10-13 17:06:05,684 started run
2014-10-13 17:06:05,801 Finished generation: 0 Max generations: 10
2014-10-13 17:06:05,802 best_value: 0.02102 median: 0.023264 mean: 0.0229564
2014-10-13 17:06:05,802      var variabledeclaration   ;    var   p   = 10   ;  
2014-10-13 17:06:05,926 Finished generation: 1 Max generations: 10
2014-10-13 17:06:05,927 best_value: 0.021269 median: 0.022131 mean: 0.0245046
2014-10-13 17:06:05,927      var   s   =   10 + 10    ;    var   p   = 10   ;  
2014-10-13 17:06:06,041 Finished generation: 2 Max generations: 10
2014-10-13 17:06:06,041 best_value: 0.020888 median: 0.022515 mean: 0.022436
2014-10-13 17:06:06,041      var variabledeclaration   ;    var   p   = 10   ;  
2014-10-13 17:06:06,164 Finished generation: 3 Max generations: 10
2014-10-13 17:06:06,165 best_value: 0.021515 median: 0.023542 mean: 0.0242824
2014-10-13 17:06:06,165      var variabledeclaration   ;    var   p   = 10   ;  
2014-10-13 17:06:06,289 Finished generation: 4 Max generations: 10
2014-10-13 17:06:06,289 best_value: 0.021204 median: 0.022343 mean: 0.0244164
2014-10-13 17:06:06,289      var   s   =   10 + 10    ;    var   p   = 10   ;  
2014-10-13 17:06:06,413 Finished generation: 5 Max generations: 10
2014-10-13 17:06:06,414 best_value: 0.022365 median: 0.023376 mean: 0.0244552
2014-10-13 17:06:06,414      var variabledeclaration   ;    var   p   = 10   ;  
2014-10-13 17:06:06,538 Finished generation: 6 Max generations: 10
2014-10-13 17:06:06,538 best_value: 0.021321 median: 0.024014 mean: 0.0243486
2014-10-13 17:06:06,538      var variabledeclaration   ;    var   p   = 10   ;  
2014-10-13 17:06:06,661 Finished generation: 7 Max generations: 10
2014-10-13 17:06:06,661 best_value: 0.022502 median: 0.023578 mean: 0.0242392
2014-10-13 17:06:06,661      var   s   =   10 + 10    ;    var   p   = 10   ;  
2014-10-13 17:06:06,786 Finished generation: 8 Max generations: 10
2014-10-13 17:06:06,786 best_value: 0.021131 median: 0.021858 mean: 0.0245078
2014-10-13 17:06:06,786      var variabledeclaration   ;    var   p   = 10   ;  
2014-10-13 17:06:06,926 Finished generation: 9 Max generations: 10
2014-10-13 17:06:06,926 best_value: 0.022056 median: 0.022822 mean: 0.0275436
2014-10-13 17:06:06,926      var   s   =   10 + 10    ;    var   p   = 10   ;  
2014-10-13 17:06:07,049 stopping processing due to max generation
2014-10-13 17:06:07,049 completed run: generations: 10, best member:0 fitness: 0.020217
2014-10-13 17:07:24,927 started run
2014-10-13 17:07:25,043 Finished generation: 0 Max generations: 10
2014-10-13 17:07:25,044 best_value: 0.020774 median: 0.02196 mean: 0.0228784
2014-10-13 17:07:25,044    variablestatement     var   p   = 10   ;  
2014-10-13 17:07:25,176 Finished generation: 1 Max generations: 10
2014-10-13 17:07:25,177 best_value: 0.021938 median: 0.027507 mean: 0.0261304
2014-10-13 17:07:25,177  sourceelements  
2014-10-13 17:07:25,414 Finished generation: 2 Max generations: 10
2014-10-13 17:07:25,414 best_value: 0.024895 median: 0.045358 mean: 0.0470262
2014-10-13 17:07:25,415      var   s   =   10 + 10    ;    var   p   = 10   ;  
2014-10-13 17:07:25,546 Finished generation: 3 Max generations: 10
2014-10-13 17:07:25,547 best_value: 0.022364 median: 0.023829 mean: 0.0259518
2014-10-13 17:07:25,547    variablestatement     var   p   = 10   ;  
2014-10-13 17:07:25,682 Finished generation: 4 Max generations: 10
2014-10-13 17:07:25,683 best_value: 0.023586 median: 0.02469 mean: 0.0266684
2014-10-13 17:07:25,683  sourceelements  
2014-10-13 17:07:25,847 Finished generation: 5 Max generations: 10
2014-10-13 17:07:25,847 best_value: 0.02332 median: 0.029855 mean: 0.0323842
2014-10-13 17:07:25,847    variablestatement     var   p   = 10   ;  
2014-10-13 17:07:26,045 Finished generation: 6 Max generations: 10
2014-10-13 17:07:26,046 best_value: 0.035965 median: 0.038291 mean: 0.0392146
2014-10-13 17:07:26,046  sourceelements  
2014-10-13 17:07:26,252 Finished generation: 7 Max generations: 10
2014-10-13 17:07:26,253 best_value: 0.023989 median: 0.042997 mean: 0.0409406
2014-10-13 17:07:26,253  sourceelements  
2014-10-13 17:07:26,379 Finished generation: 8 Max generations: 10
2014-10-13 17:07:26,379 best_value: 0.022348 median: 0.022716 mean: 0.0248728
2014-10-13 17:07:26,379  sourceelements  
2014-10-13 17:07:26,498 Finished generation: 9 Max generations: 10
2014-10-13 17:07:26,498 best_value: 0.020294 median: 0.020955 mean: 0.0233466
2014-10-13 17:07:26,498  sourceelements  
2014-10-13 17:07:26,627 stopping processing due to max generation
2014-10-13 17:07:26,627 completed run: generations: 10, best member:4 fitness: 0.020959
2014-10-13 17:08:15,281 started run
2014-10-13 17:08:15,398 Finished generation: 0 Max generations: 10
2014-10-13 17:08:15,398 best_value: 0.020459 median: 0.020924 mean: 0.0229716
2014-10-13 17:08:15,399      var   s   =   10 + 10    ;    var   p   = 10   ;  
2014-10-13 17:08:15,512 Finished generation: 1 Max generations: 10
2014-10-13 17:08:15,513 best_value: 0.02053 median: 0.022283 mean: 0.0223516
2014-10-13 17:08:15,513      var variabledeclaration   ;    var   p   = 10   ;  
2014-10-13 17:08:15,657 Finished generation: 2 Max generations: 10
2014-10-13 17:08:15,657 best_value: 0.021346 median: 0.026286 mean: 0.0284318
2014-10-13 17:08:15,657      var   s   =   10 + 10    ;    var   p   = 10   ;  
2014-10-13 17:08:15,778 Finished generation: 3 Max generations: 10
2014-10-13 17:08:15,779 best_value: 0.020547 median: 0.022763 mean: 0.0238326
2014-10-13 17:08:15,779      var   s   =   10 + 10    ;    var   p   = 10   ;  
2014-10-13 17:08:15,891 Finished generation: 4 Max generations: 10
2014-10-13 17:08:15,892 best_value: 0.021383 median: 0.021879 mean: 0.0221576
2014-10-13 17:08:15,892      var variabledeclaration   ;    var   p   = 10   ;  
2014-10-13 17:08:16,018 Finished generation: 5 Max generations: 10
2014-10-13 17:08:16,018 best_value: 0.022522 median: 0.024784 mean: 0.024885
2014-10-13 17:08:16,019      var   s   =   10 + 10    ;    var   p   = 10   ;  
2014-10-13 17:08:16,158 Finished generation: 6 Max generations: 10
2014-10-13 17:08:16,159 best_value: 0.021815 median: 0.023008 mean: 0.0275316
2014-10-13 17:08:16,159      var variabledeclaration   ;    var   p   = 10   ;  
2014-10-13 17:08:16,342 Finished generation: 7 Max generations: 10
2014-10-13 17:08:16,342 best_value: 0.020832 median: 0.041182 mean: 0.0362814
2014-10-13 17:08:16,342      var   s   =   10 + 10    ;    var   p   = 10   ;  
2014-10-13 17:08:16,477 Finished generation: 8 Max generations: 10
2014-10-13 17:08:16,477 best_value: 0.023255 median: 0.026678 mean: 0.026522
2014-10-13 17:08:16,477      var   s   =   10 + 10    ;    var   p   = 10   ;  
2014-10-13 17:08:16,596 Finished generation: 9 Max generations: 10
2014-10-13 17:08:16,596 best_value: 0.021507 median: 0.023085 mean: 0.0233644
2014-10-13 17:08:16,596      var variabledeclaration   ;    var   p   = 10   ;  
2014-10-13 17:08:16,717 stopping processing due to max generation
2014-10-13 17:08:16,718 completed run: generations: 10, best member:2 fitness: 0.020307
