     var VariableDeclaration   ;    var   p   = 10   ;  
executing 	     var b   ;    var   p   = 10   ;
executing 	     var c   ;    var   p   = 10   ;
executing 	     var b   ;    var   p   = 10   ;
executing 	     var b   ;    var   p   = 10   ;
executing 	     var a   ;    var   p   = 10   ;
executing 	     var b   ;    var   p   = 10   ;
executing 	     var b   ;    var   p   = 10   ;
executing 	     var a   ;    var   p   = 10   ;
executing 	     var b   ;    var   p   = 10   ;
executing 	     var c   ;    var   p   = 10   ;
executing 	     var c   ;    var   p   = 10   ;
executing 	     var c   ;    var   p   = 10   ;
executing 	     var a   ;    var   p   = 10   ;
executing 	     var b   ;    var   p   = 10   ;
executing 	     var b   ;    var   p   = 10   ;
executing 	     var b   ;    var   p   = 10   ;
executing 	     var c   ;    var   p   = 10   ;
executing 	     var c   ;    var   p   = 10   ;
executing 	     var c   ;    var   p   = 10   ;
executing 	     var a   ;    var   p   = 10   ;
executing 	     var a   ;    var   p   = 10   ;
executing 	     var b   ;    var   p   = 10   ;
executing 	     var a   ;    var   p   = 10   ;
executing 	     var a   ;    var   p   = 10   ;
executing 	     var b   ;    var   p   = 10   ;
executing 	     var b   ;    var   p   = 10   ;
executing 	     var a   ;    var   p   = 10   ;
executing 	     var c   ;    var   p   = 10   ;
executing 	     var b   ;    var   p   = 10   ;
executing 	     var c   ;    var   p   = 10   ;
executing 	     var a   ;    var   p   = 10   ;
executing 	     var b   ;    var   p   = 10   ;
2
[[0.000249, 2], [0.00027, 1], [0.000329, 0], [0.105531, 3]]


['     var c   ;    var   p   = 10   ;']
