This is pdfTeX, Version 3.14159265-2.6-1.40.15 (TeX Live 2015/dev/Debian) (preloaded format=pdflatex 2015.6.7)  7 JUN 2015 18:56
entering extended mode
 restricted \write18 enabled.
 %&-line parsing enabled.
**sig-alternate.tex
(./sig-alternate.tex
LaTeX2e <2014/05/01>
Babel <3.9l> and hyphenation patterns for 4 languages loaded.
(./acm_proc_article-sp.cls
(/usr/share/texlive/texmf-dist/tex/latex/graphics/epsfig.sty
Package: epsfig 1999/02/16 v1.7a (e)psfig emulation (SPQR)

(/usr/share/texlive/texmf-dist/tex/latex/graphics/graphicx.sty
Package: graphicx 2014/04/25 v1.0g Enhanced LaTeX Graphics (DPC,SPQR)

(/usr/share/texlive/texmf-dist/tex/latex/graphics/keyval.sty
Package: keyval 2014/05/08 v1.15 key=value parser (DPC)
\KV@toks@=\toks14
)
(/usr/share/texlive/texmf-dist/tex/latex/graphics/graphics.sty
Package: graphics 2009/02/05 v1.0o Standard LaTeX Graphics (DPC,SPQR)

(/usr/share/texlive/texmf-dist/tex/latex/graphics/trig.sty
Package: trig 1999/03/16 v1.09 sin cos tan (DPC)
)
(/usr/share/texlive/texmf-dist/tex/latex/latexconfig/graphics.cfg
File: graphics.cfg 2010/04/23 v1.9 graphics configuration of TeX Live
)
Package graphics Info: Driver file: pdftex.def on input line 91.

(/usr/share/texlive/texmf-dist/tex/latex/pdftex-def/pdftex.def
File: pdftex.def 2011/05/27 v0.06d Graphics/color for pdfTeX

(/usr/share/texlive/texmf-dist/tex/generic/oberdiek/infwarerr.sty
Package: infwarerr 2010/04/08 v1.3 Providing info/warning/error messages (HO)
)
(/usr/share/texlive/texmf-dist/tex/generic/oberdiek/ltxcmds.sty
Package: ltxcmds 2011/11/09 v1.22 LaTeX kernel commands for general use (HO)
)
\Gread@gobject=\count79
))
\Gin@req@height=\dimen102
\Gin@req@width=\dimen103
)
\epsfxsize=\dimen104
\epsfysize=\dimen105
)
(/usr/share/texlive/texmf-dist/tex/latex/amsfonts/amssymb.sty
Package: amssymb 2013/01/14 v3.01 AMS font symbols

(/usr/share/texlive/texmf-dist/tex/latex/amsfonts/amsfonts.sty
Package: amsfonts 2013/01/14 v3.01 Basic AMSFonts support
\@emptytoks=\toks15
\symAMSa=\mathgroup4
\symAMSb=\mathgroup5
LaTeX Font Info:    Overwriting math alphabet `\mathfrak' in version `bold'
(Font)                  U/euf/m/n --> U/euf/b/n on input line 106.
))
(/usr/share/texlive/texmf-dist/tex/latex/amsmath/amsmath.sty
Package: amsmath 2013/01/14 v2.14 AMS math features
\@mathmargin=\skip41

For additional information on amsmath, use the `?' option.
(/usr/share/texlive/texmf-dist/tex/latex/amsmath/amstext.sty
Package: amstext 2000/06/29 v2.01

(/usr/share/texlive/texmf-dist/tex/latex/amsmath/amsgen.sty
File: amsgen.sty 1999/11/30 v2.0
\@emptytoks=\toks16
\ex@=\dimen106
))
(/usr/share/texlive/texmf-dist/tex/latex/amsmath/amsbsy.sty
Package: amsbsy 1999/11/29 v1.2d
\pmbraise@=\dimen107
)
(/usr/share/texlive/texmf-dist/tex/latex/amsmath/amsopn.sty
Package: amsopn 1999/12/14 v2.01 operator names
)
\inf@bad=\count80
LaTeX Info: Redefining \frac on input line 210.
\uproot@=\count81
\leftroot@=\count82
LaTeX Info: Redefining \overline on input line 306.
\classnum@=\count83
\DOTSCASE@=\count84
LaTeX Info: Redefining \ldots on input line 378.
LaTeX Info: Redefining \dots on input line 381.
LaTeX Info: Redefining \cdots on input line 466.
\Mathstrutbox@=\box26
\strutbox@=\box27
\big@size=\dimen108
LaTeX Font Info:    Redeclaring font encoding OML on input line 566.
LaTeX Font Info:    Redeclaring font encoding OMS on input line 567.
\macc@depth=\count85
\c@MaxMatrixCols=\count86
\dotsspace@=\muskip10
\c@parentequation=\count87
\dspbrk@lvl=\count88
\tag@help=\toks17
\row@=\count89
\column@=\count90
\maxfields@=\count91
\andhelp@=\toks18
\eqnshift@=\dimen109
\alignsep@=\dimen110
\tagshift@=\dimen111
\tagwidth@=\dimen112
\totwidth@=\dimen113
\lineht@=\dimen114
\@envbody=\toks19
\multlinegap=\skip42
\multlinetaggap=\skip43
\mathdisplay@stack=\toks20
LaTeX Info: Redefining \[ on input line 2665.
LaTeX Info: Redefining \] on input line 2666.
)
Document Class 'acm_proc_article-sp' <22nd. April '09>. Modified by G.K.M. Tobi
n
Based in part upon document Style `acmconf' <22 May 89>. Hacked 4/91 by
shivers@cs.cmu.edu, 4/93 by theobald@cs.mcgill.ca
Excerpts were taken from (Journal Style) 'esub2acm.cls'.
****** Bugs/comments/suggestions to Gerry Murray -- murray@hq.acm.org ******
\footheight=\dimen115
\@maxsep=\dimen116
\@dblmaxsep=\dimen117
\aucount=\count92
\originalaucount=\count93
\auwidth=\dimen118
\auskip=\dimen119
\auskipcount=\count94
\auskip=\dimen120
\allauboxes=\dimen121
\addauthors=\toks21
\addauflag=\count95
\subtitletext=\toks22
\savesection=\count96
\sectioncntr=\count97
\c@figure=\count98
\c@table=\count99
\titleboxnotes=\toks23
\titleboxnoteflag=\count100
Document Class: acm_proc_article-sp 2009/04/22 - V3.2SP - based on esub2acm.sty
 <23 April 96>
(/usr/share/texlive/texmf-dist/tex/latex/base/latexsym.sty
Package: latexsym 1998/08/17 v2.2e Standard LaTeX package (lasy symbols)
\symlasy=\mathgroup6
LaTeX Font Info:    Overwriting symbol font `lasy' in version `bold'
(Font)                  U/lasy/m/n --> U/lasy/b/n on input line 47.
)
\@acmtitlebox=\box28
\titlenotecount=\count101
\tntoks=\toks24
\tntokstwo=\toks25
\tntoksthree=\toks26
\tntoksfour=\toks27
\tntoksfive=\toks28
\catcount=\count102
\copyrightnotice=\toks29
\conf=\toks30
\confinfo=\toks31
\c@part=\count103
\c@section=\count104
\c@subsection=\count105
\c@subsubsection=\count106
\c@paragraph=\count107

Using 'Abbrev' bibliography style
LaTeX Info: Redefining \cite on input line 1236.
\bibindent=\dimen122
\colcntr=\count108
\saveb@x=\box29
\copyrtyr=\toks32
\acmcopyr=\toks33
\boilerplate=\toks34
\copyrightetc=\toks35
(/usr/share/texlive/texmf-dist/tex/latex/base/fontenc.sty
Package: fontenc 2005/09/27 v1.99g Standard LaTeX package

(/usr/share/texlive/texmf-dist/tex/latex/base/t1enc.def
File: t1enc.def 2005/09/27 v1.99g Standard LaTeX file
LaTeX Font Info:    Redeclaring font encoding T1 on input line 43.
)
LaTeX Font Info:    Try loading font information for T1+aer on input line 100.

(/usr/share/texlive/texmf-dist/tex/latex/ae/t1aer.fd
File: t1aer.fd 1997/11/16 Font definitions for T1/aer.
)))
(/usr/share/texlive/texmf-dist/tex/latex/hyperref/hyperref.sty
Package: hyperref 2012/11/06 v6.83m Hypertext links for LaTeX

(/usr/share/texlive/texmf-dist/tex/generic/oberdiek/hobsub-hyperref.sty
Package: hobsub-hyperref 2012/05/28 v1.13 Bundle oberdiek, subset hyperref (HO)


(/usr/share/texlive/texmf-dist/tex/generic/oberdiek/hobsub-generic.sty
Package: hobsub-generic 2012/05/28 v1.13 Bundle oberdiek, subset generic (HO)
Package: hobsub 2012/05/28 v1.13 Construct package bundles (HO)
Package hobsub Info: Skipping package `infwarerr' (already loaded).
Package hobsub Info: Skipping package `ltxcmds' (already loaded).
Package: ifluatex 2010/03/01 v1.3 Provides the ifluatex switch (HO)
Package ifluatex Info: LuaTeX not detected.
Package: ifvtex 2010/03/01 v1.5 Detect VTeX and its facilities (HO)
Package ifvtex Info: VTeX not detected.
Package: intcalc 2007/09/27 v1.1 Expandable calculations with integers (HO)
Package: ifpdf 2011/01/30 v2.3 Provides the ifpdf switch (HO)
Package ifpdf Info: pdfTeX in PDF mode is detected.
Package: etexcmds 2011/02/16 v1.5 Avoid name clashes with e-TeX commands (HO)
Package etexcmds Info: Could not find \expanded.
(etexcmds)             That can mean that you are not using pdfTeX 1.50 or
(etexcmds)             that some package has redefined \expanded.
(etexcmds)             In the latter case, load this package earlier.
Package: kvsetkeys 2012/04/25 v1.16 Key value parser (HO)
Package: kvdefinekeys 2011/04/07 v1.3 Define keys (HO)
Package: pdftexcmds 2011/11/29 v0.20 Utility functions of pdfTeX for LuaTeX (HO
)
Package pdftexcmds Info: LuaTeX not detected.
Package pdftexcmds Info: \pdf@primitive is available.
Package pdftexcmds Info: \pdf@ifprimitive is available.
Package pdftexcmds Info: \pdfdraftmode found.
Package: pdfescape 2011/11/25 v1.13 Implements pdfTeX's escape features (HO)
Package: bigintcalc 2012/04/08 v1.3 Expandable calculations on big integers (HO
)
Package: bitset 2011/01/30 v1.1 Handle bit-vector datatype (HO)
Package: uniquecounter 2011/01/30 v1.2 Provide unlimited unique counter (HO)
)
Package hobsub Info: Skipping package `hobsub' (already loaded).
Package: letltxmacro 2010/09/02 v1.4 Let assignment for LaTeX macros (HO)
Package: hopatch 2012/05/28 v1.2 Wrapper for package hooks (HO)
Package: xcolor-patch 2011/01/30 xcolor patch
Package: atveryend 2011/06/30 v1.8 Hooks at the very end of document (HO)
Package atveryend Info: \enddocument detected (standard20110627).
Package: atbegshi 2011/10/05 v1.16 At begin shipout hook (HO)
Package: refcount 2011/10/16 v3.4 Data extraction from label references (HO)
Package: hycolor 2011/01/30 v1.7 Color options for hyperref/bookmark (HO)
)
(/usr/share/texlive/texmf-dist/tex/generic/ifxetex/ifxetex.sty
Package: ifxetex 2010/09/12 v0.6 Provides ifxetex conditional
)
(/usr/share/texlive/texmf-dist/tex/latex/oberdiek/auxhook.sty
Package: auxhook 2011/03/04 v1.3 Hooks for auxiliary files (HO)
)
(/usr/share/texlive/texmf-dist/tex/latex/oberdiek/kvoptions.sty
Package: kvoptions 2011/06/30 v3.11 Key value format for package options (HO)
)
\@linkdim=\dimen123
\Hy@linkcounter=\count109
\Hy@pagecounter=\count110

(/usr/share/texlive/texmf-dist/tex/latex/hyperref/pd1enc.def
File: pd1enc.def 2012/11/06 v6.83m Hyperref: PDFDocEncoding definition (HO)
)
\Hy@SavedSpaceFactor=\count111

(/usr/share/texlive/texmf-dist/tex/latex/latexconfig/hyperref.cfg
File: hyperref.cfg 2002/06/06 v1.2 hyperref configuration of TeXLive
)
Package hyperref Info: Hyper figures OFF on input line 4443.
Package hyperref Info: Link nesting OFF on input line 4448.
Package hyperref Info: Hyper index ON on input line 4451.
Package hyperref Info: Plain pages OFF on input line 4458.
Package hyperref Info: Backreferencing OFF on input line 4463.
Package hyperref Info: Implicit mode ON; LaTeX internals redefined.
Package hyperref Info: Bookmarks ON on input line 4688.
\c@Hy@tempcnt=\count112

(/usr/share/texlive/texmf-dist/tex/latex/url/url.sty
\Urlmuskip=\muskip11
Package: url 2013/09/16  ver 3.4  Verb mode for urls, etc.
)
LaTeX Info: Redefining \url on input line 5041.
\XeTeXLinkMargin=\dimen124
\Fld@menulength=\count113
\Field@Width=\dimen125
\Fld@charsize=\dimen126
Package hyperref Info: Hyper figures OFF on input line 6295.
Package hyperref Info: Link nesting OFF on input line 6300.
Package hyperref Info: Hyper index ON on input line 6303.
Package hyperref Info: backreferencing OFF on input line 6310.
Package hyperref Info: Link coloring OFF on input line 6315.
Package hyperref Info: Link coloring with OCG OFF on input line 6320.
Package hyperref Info: PDF/A mode OFF on input line 6325.
LaTeX Info: Redefining \ref on input line 6365.
LaTeX Info: Redefining \pageref on input line 6369.
\Hy@abspage=\count114
\c@Item=\count115
\c@Hfootnote=\count116
)

Package hyperref Message: Driver (autodetected): hpdftex.

(/usr/share/texlive/texmf-dist/tex/latex/hyperref/hpdftex.def
File: hpdftex.def 2012/11/06 v6.83m Hyperref driver for pdfTeX
\Fld@listcount=\count117
\c@bookmark@seq@number=\count118

(/usr/share/texlive/texmf-dist/tex/latex/oberdiek/rerunfilecheck.sty
Package: rerunfilecheck 2011/04/15 v1.7 Rerun checks for auxiliary files (HO)
Package uniquecounter Info: New unique counter `rerunfilecheck' on input line 2
82.
)
\Hy@SectionHShift=\skip44
)
(/usr/share/texlive/texmf-dist/tex/latex/cite/cite.sty
LaTeX Info: Redefining \cite on input line 302.
LaTeX Info: Redefining \nocite on input line 373.
Package: cite 2010/09/10  v 5.3
)
(/usr/share/texlive/texmf-dist/tex/latex/listings/listings.sty
\lst@mode=\count119
\lst@gtempboxa=\box30
\lst@token=\toks36
\lst@length=\count120
\lst@currlwidth=\dimen127
\lst@column=\count121
\lst@pos=\count122
\lst@lostspace=\dimen128
\lst@width=\dimen129
\lst@newlines=\count123
\lst@lineno=\count124
\abovecaptionskip=\skip45
\belowcaptionskip=\skip46
\lst@maxwidth=\dimen130

(/usr/share/texlive/texmf-dist/tex/latex/listings/lstmisc.sty
File: lstmisc.sty 2014/09/06 1.5e (Carsten Heinz)
\c@lstnumber=\count125
\lst@skipnumbers=\count126
\lst@framebox=\box31
)
(/usr/share/texlive/texmf-dist/tex/latex/listings/listings.cfg
File: listings.cfg 2014/09/06 1.5e listings configuration
))
Package: listings 2014/09/06 1.5e (Carsten Heinz)

(/usr/share/texlive/texmf-dist/tex/latex/tools/array.sty
Package: array 2014/10/28 v2.4c Tabular extension package (FMi)
\col@sep=\dimen131
\extrarowheight=\dimen132
\NC@list=\toks37
\extratabsurround=\skip47
\backup@length=\skip48
) (./sig-alternate.aux

LaTeX Warning: Label `ex-alias' multiply defined.

)
\openout1 = `sig-alternate.aux'.

LaTeX Font Info:    Checking defaults for OML/cmm/m/it on input line 8.
LaTeX Font Info:    ... okay on input line 8.
LaTeX Font Info:    Checking defaults for T1/cmr/m/n on input line 8.
LaTeX Font Info:    ... okay on input line 8.
LaTeX Font Info:    Checking defaults for OT1/cmr/m/n on input line 8.
LaTeX Font Info:    ... okay on input line 8.
LaTeX Font Info:    Checking defaults for OMS/cmsy/m/n on input line 8.
LaTeX Font Info:    ... okay on input line 8.
LaTeX Font Info:    Checking defaults for OMX/cmex/m/n on input line 8.
LaTeX Font Info:    ... okay on input line 8.
LaTeX Font Info:    Checking defaults for U/cmr/m/n on input line 8.
LaTeX Font Info:    ... okay on input line 8.
LaTeX Font Info:    Checking defaults for PD1/pdf/m/n on input line 8.
LaTeX Font Info:    ... okay on input line 8.
 (/usr/share/texlive/texmf-dist/tex/context/base/supp-pdf.mkii
[Loading MPS to PDF converter (version 2006.09.02).]
\scratchcounter=\count127
\scratchdimen=\dimen133
\scratchbox=\box32
\nofMPsegments=\count128
\nofMParguments=\count129
\everyMPshowfont=\toks38
\MPscratchCnt=\count130
\MPscratchDim=\dimen134
\MPnumerator=\count131
\makeMPintoPDFobject=\count132
\everyMPtoPDFconversion=\toks39
) (/usr/share/texlive/texmf-dist/tex/latex/oberdiek/epstopdf-base.sty
Package: epstopdf-base 2010/02/09 v2.5 Base part for package epstopdf

(/usr/share/texlive/texmf-dist/tex/latex/oberdiek/grfext.sty
Package: grfext 2010/08/19 v1.1 Manage graphics extensions (HO)
)
Package grfext Info: Graphics extension search list:
(grfext)             [.png,.pdf,.jpg,.mps,.jpeg,.jbig2,.jb2,.PNG,.PDF,.JPG,.JPE
G,.JBIG2,.JB2,.eps]
(grfext)             \AppendGraphicsExtensions on input line 452.

(/usr/share/texlive/texmf-dist/tex/latex/latexconfig/epstopdf-sys.cfg
File: epstopdf-sys.cfg 2010/07/13 v1.3 Configuration of (r)epstopdf for TeX Liv
e
))
\AtBeginShipoutBox=\box33


Package hyperref Warning: Height of page (\paperheight) is invalid (0.0pt),
(hyperref)                using 11in.

Package hyperref Info: Link coloring OFF on input line 8.
(/usr/share/texlive/texmf-dist/tex/latex/hyperref/nameref.sty
Package: nameref 2012/10/27 v2.43 Cross-referencing by name of section

(/usr/share/texlive/texmf-dist/tex/generic/oberdiek/gettitlestring.sty
Package: gettitlestring 2010/12/03 v1.4 Cleanup title references (HO)
)
\c@section@level=\count133
)
LaTeX Info: Redefining \ref on input line 8.
LaTeX Info: Redefining \pageref on input line 8.
LaTeX Info: Redefining \nameref on input line 8.

(./sig-alternate.out) (./sig-alternate.out)
\@outlinefile=\write3
\openout3 = `sig-alternate.out'.

\c@lstlisting=\count134
LaTeX Font Info:    Try loading font information for U+msa on input line 29.

(/usr/share/texlive/texmf-dist/tex/latex/amsfonts/umsa.fd
File: umsa.fd 2013/01/14 v3.01 AMS symbols A
)
LaTeX Font Info:    Try loading font information for U+msb on input line 29.

(/usr/share/texlive/texmf-dist/tex/latex/amsfonts/umsb.fd
File: umsb.fd 2013/01/14 v3.01 AMS symbols B
)
LaTeX Font Info:    Try loading font information for U+lasy on input line 29.

(/usr/share/texlive/texmf-dist/tex/latex/base/ulasy.fd
File: ulasy.fd 1998/08/17 v2.2e LaTeX symbol font definitions
)
Overfull \hbox (6.92244pt too wide) in paragraph at lines 36--37
\T1/aer/m/n/9 lu-tion-ary Com-put-ing, Ar-ti-fi-cial In-tel-li-gence, In-ter-pr
eters, soft-
 []

[1{/var/lib/texmf/fonts/map/pdftex/updmap/pdftex.map}


]
Package epstopdf Info: Source file: <process.eps>
(epstopdf)                    date: 2015-06-04 07:26:17
(epstopdf)                    size: 3941650 bytes
(epstopdf)             Output file: <process-eps-converted-to.pdf>
(epstopdf)                    date: 2015-06-04 07:26:23
(epstopdf)                    size: 84402 bytes
(epstopdf)             Command: <repstopdf --outfile=process-eps-converted-to.p
df process.eps>
(epstopdf)             \includegraphics on input line 63.
Package epstopdf Info: Output file is already uptodate.

<process-eps-converted-to.pdf, id=141, 1284.8pt x 507.8975pt>
File: process-eps-converted-to.pdf Graphic file (type pdf)

<use process-eps-converted-to.pdf>
Package pdftex.def Info: process-eps-converted-to.pdf used on input line 63.
(pdftex.def)             Requested size: 289.06752pt x 144.5353pt.

Overfull \hbox (49.06752pt too wide) in paragraph at lines 63--64
 [][] 
 []


Overfull \hbox (2.9146pt too wide) in paragraph at lines 56--69
\T1/aer/m/n/9 which fa-vors the pro-gram that are un-com-mon enough. Gram-
 []


Overfull \hbox (4.02107pt too wide) in paragraph at lines 56--69
\T1/aer/m/n/9 mat-i-cal Evo-lu-tion ap-proach is ap-pro-pri-ate at gen-er-at-in
g code,
 []

[2 <./process-eps-converted-to.pdf>]
Overfull \hbox (2.14104pt too wide) in paragraph at lines 86--87
\T1/aer/m/n/9 in backus nor-mal form or ex-tended backus nor-mal form. 
 []


Overfull \hbox (11.24808pt too wide) in paragraph at lines 94--95
\T1/aer/m/n/9 makes use of both mu-ta-tion and gen-er-a-tive ap-proaches. IFuzz
er
 []


Overfull \hbox (3.1656pt too wide) in paragraph at lines 94--95
\T1/aer/m/n/9 Pro-gram-ming(GP) paradigm and anal-o-gous to bi-o-log-i-cal evo-

 []


Overfull \hbox (2.84978pt too wide) in paragraph at lines 101--103
[]\T1/aer/m/n/9 Genetic al-go-ritms uses many pa-ram-e-ters such as, crossover,

 []

Package epstopdf Info: Source file: <crossover.eps>
(epstopdf)                    date: 2015-06-07 14:50:39
(epstopdf)                    size: 8429180 bytes
(epstopdf)             Output file: <crossover-eps-converted-to.pdf>
(epstopdf)                    date: 2015-06-07 14:51:32
(epstopdf)                    size: 201813 bytes
(epstopdf)             Command: <repstopdf --outfile=crossover-eps-converted-to
.pdf crossover.eps>
(epstopdf)             \includegraphics on input line 109.
Package epstopdf Info: Output file is already uptodate.
<crossover-eps-converted-to.pdf, id=186, 2458.18375pt x 568.1225pt>
File: crossover-eps-converted-to.pdf Graphic file (type pdf)

<use crossover-eps-converted-to.pdf>
Package pdftex.def Info: crossover-eps-converted-to.pdf used on input line 109.

(pdftex.def)             Requested size: 505.8814pt x 126.4697pt.

Overfull \hbox (1.8814pt too wide) in paragraph at lines 109--111
 [][] 
 []

Package epstopdf Info: Source file: <mutation.eps>
(epstopdf)                    date: 2015-06-07 14:50:55
(epstopdf)                    size: 8429179 bytes
(epstopdf)             Output file: <mutation-eps-converted-to.pdf>
(epstopdf)                    date: 2015-06-07 14:51:36
(epstopdf)                    size: 138965 bytes
(epstopdf)             Command: <repstopdf --outfile=mutation-eps-converted-to.
pdf mutation.eps>
(epstopdf)             \includegraphics on input line 116.
Package epstopdf Info: Output file is already uptodate.
<mutation-eps-converted-to.pdf, id=187, 2458.18375pt x 568.1225pt>
File: mutation-eps-converted-to.pdf Graphic file (type pdf)

<use mutation-eps-converted-to.pdf>
Package pdftex.def Info: mutation-eps-converted-to.pdf used on input line 116.
(pdftex.def)             Requested size: 505.8814pt x 126.4697pt.

Overfull \hbox (1.8814pt too wide) in paragraph at lines 116--118
 [][] 
 []

[3] [4 <./crossover-eps-converted-to.pdf> <./mutation-eps-converted-to.pdf>]
Overfull \hbox (1.40239pt too wide) in paragraph at lines 184--187
[]\T1/aer/m/n/9 Genetic op-er-a-tors mu-ta-tion or crossover or both per-formed

 []

[5]
Overfull \hbox (7.8912pt too wide) in paragraph at lines 194--195
\T1/aer/m/n/9 262 spec-i-fi-ca-tions [[]11[]]. Ac-cord-ing to gram-mar some Jav
aScript
 []

[6]
Overfull \hbox (8.15247pt too wide) in paragraph at lines 246--247
\T1/aer/m/n/9 We choose \T1/aer/m/it/9 Spi-der-mon-key \T1/aer/m/n/9 as a tar-g
et in-ter-preter for JavaScript.
 []

[7] (/usr/share/texlive/texmf-dist/tex/latex/listings/lstlang1.sty
File: lstlang1.sty 2014/09/06 1.5e listings language file
)
Package hyperref Info: bookmark level for unknown lstlisting defaults to 0 on i
nput line 249.
LaTeX Font Info:    Try loading font information for OMS+aer on input line 256.


(/usr/share/texlive/texmf-dist/tex/latex/ae/omsaer.fd
File: omsaer.fd 1999/12/27
)
LaTeX Font Info:    Font shape `OMS/aer/m/n' in size <9> not available
(Font)              Font shape `OMS/cmsy/m/n' tried instead on input line 256.
Package epstopdf Info: Source file: <overlap.eps>
(epstopdf)                    date: 2015-06-03 12:31:03
(epstopdf)                    size: 36128 bytes
(epstopdf)             Output file: <overlap-eps-converted-to.pdf>
(epstopdf)                    date: 2015-06-03 12:37:15
(epstopdf)                    size: 33363 bytes
(epstopdf)             Command: <repstopdf --outfile=overlap-eps-converted-to.p
df overlap.eps>
(epstopdf)             \includegraphics on input line 266.
Package epstopdf Info: Output file is already uptodate.

<overlap-eps-converted-to.pdf, id=296, 694.595pt x 420.57124pt>
File: overlap-eps-converted-to.pdf Graphic file (type pdf)

<use overlap-eps-converted-to.pdf>
Package pdftex.def Info: overlap-eps-converted-to.pdf used on input line 266.
(pdftex.def)             Requested size: 252.94743pt x 130.08694pt.

Overfull \hbox (12.94743pt too wide) in paragraph at lines 266--267
 [][] 
 []


Underfull \hbox (badness 10000) in paragraph at lines 273--276

 []


LaTeX Warning: Reference `fig7' on page 8 undefined on input line 287.


Overfull \hbox (8.32161pt too wide) in paragraph at lines 290--300
\T1/aer/m/n/9 er-a-tive tool writ-ten by Rud-der-s-man in 2007, tar-gets JavaSc
ript
 []

[8 <./overlap-eps-converted-to.pdf>] (./sig-alternate.bbl
LaTeX Font Info:    Try loading font information for T1+aett on input line 4.

(/usr/share/texlive/texmf-dist/tex/latex/ae/t1aett.fd
File: t1aett.fd 1997/11/16 Font definitions for T1/aett.
)
Underfull \vbox (badness 10000) has occurred while \output is active []

 [9]
Underfull \vbox (badness 10000) has occurred while \output is active []

)
Overfull \hbox (38.67476pt too wide) in paragraph at lines 314--334
[][] 
 []

Package atveryend Info: Empty hook `BeforeClearDocument' on input line 337.
[10]
Package atveryend Info: Empty hook `AfterLastShipout' on input line 337.
 (./sig-alternate.aux)
Package atveryend Info: Executing hook `AtVeryEndDocument' on input line 337.
Package atveryend Info: Executing hook `AtEndAfterFileList' on input line 337.
Package rerunfilecheck Info: File `sig-alternate.out' has not changed.
(rerunfilecheck)             Checksum: 0830A0EBFEBDAE9290555CE9D04281BF;1550.


LaTeX Warning: There were undefined references.


LaTeX Warning: There were multiply-defined labels.

Package atveryend Info: Empty hook `AtVeryVeryEnd' on input line 337.
 ) 
Here is how much of TeX's memory you used:
 8020 strings out of 494977
 112951 string characters out of 6180184
 226074 words of memory out of 5000000
 10967 multiletter control sequences out of 15000+600000
 54797 words of font info for 73 fonts, out of 8000000 for 9000
 36 hyphenation exceptions out of 8191
 41i,10n,40p,1664b,1231s stack positions out of 5000i,500n,10000p,200000b,80000s
{/usr/share/texlive/texmf-dist/fonts/enc/dvips/base/8r.enc}</usr/share/texliv
e/texmf-dist/fonts/type1/public/amsfonts/cm/cmbx9.pfb></usr/share/texlive/texmf
-dist/fonts/type1/public/amsfonts/cmextra/cmex9.pfb></usr/share/texlive/texmf-d
ist/fonts/type1/public/amsfonts/cm/cmmi6.pfb></usr/share/texlive/texmf-dist/fon
ts/type1/public/amsfonts/cm/cmmi9.pfb></usr/share/texlive/texmf-dist/fonts/type
1/public/amsfonts/cm/cmr6.pfb></usr/share/texlive/texmf-dist/fonts/type1/public
/amsfonts/cm/cmr9.pfb></usr/share/texlive/texmf-dist/fonts/type1/public/amsfont
s/cm/cmsy6.pfb></usr/share/texlive/texmf-dist/fonts/type1/public/amsfonts/cm/cm
sy9.pfb></usr/share/texlive/texmf-dist/fonts/type1/public/amsfonts/cm/cmti9.pfb
></usr/share/texlive/texmf-dist/fonts/type1/public/amsfonts/cm/cmtt9.pfb></usr/
share/texlive/texmf-dist/fonts/type1/urw/helvetic/uhvb8a.pfb></usr/share/texliv
e/texmf-dist/fonts/type1/urw/helvetic/uhvr8a.pfb></usr/share/texlive/texmf-dist
/fonts/type1/urw/times/utmb8a.pfb></usr/share/texlive/texmf-dist/fonts/type1/ur
w/times/utmr8a.pfb></usr/share/texlive/texmf-dist/fonts/type1/urw/times/utmri8a
.pfb>
Output written on sig-alternate.pdf (10 pages, 691498 bytes).
PDF statistics:
 449 PDF objects out of 1000 (max. 8388607)
 409 compressed objects within 5 object streams
 144 named destinations out of 1000 (max. 500000)
 221 words of extra memory for PDF output out of 10000 (max. 10000000)

