\BOOKMARK [1][-]{section.1}{Introduction}{}% 1
\BOOKMARK [1][-]{section.2}{Motivation}{}% 2
\BOOKMARK [2][-]{subsection.2.1}{Terminology}{section.2}% 3
\BOOKMARK [1][-]{section.3}{GEInterpreterFuzz Approach}{}% 4
\BOOKMARK [2][-]{subsection.3.1}{Representation}{section.3}% 5
\BOOKMARK [2][-]{subsection.3.2}{Fragment Pool}{section.3}% 6
\BOOKMARK [2][-]{subsection.3.3}{Initial Population}{section.3}% 7
\BOOKMARK [2][-]{subsection.3.4}{Genetic Algorithm Operations}{section.3}% 8
\BOOKMARK [3][-]{subsubsection.3.4.1}{Crossover}{subsection.3.4}% 9
\BOOKMARK [3][-]{subsubsection.3.4.2}{Mutation}{subsection.3.4}% 10
\BOOKMARK [3][-]{subsubsection.3.4.3}{Replacement}{subsection.3.4}% 11
\BOOKMARK [2][-]{subsection.3.5}{Code Generation}{section.3}% 12
\BOOKMARK [2][-]{subsection.3.6}{Semantic Adjustment}{section.3}% 13
\BOOKMARK [1][-]{section.4}{Implementation}{}% 14
\BOOKMARK [2][-]{subsection.4.1}{Parsing}{section.4}% 15
\BOOKMARK [2][-]{subsection.4.2}{Code Generation}{section.4}% 16
\BOOKMARK [2][-]{subsection.4.3}{Fitness Evaluation}{section.4}% 17
\BOOKMARK [2][-]{subsection.4.4}{Executing tests}{section.4}% 18
\BOOKMARK [2][-]{subsection.4.5}{Parameters}{section.4}% 19
\BOOKMARK [1][-]{section.5}{Evaluation}{}% 20
\BOOKMARK [1][-]{section.6}{Related Work}{}% 21
\BOOKMARK [1][-]{section.7}{Conclusion}{}% 22
